"../../../Engine/Content/EditorBlueprintResources/StandardMacros.uasset" 0
"F:/GitHub/GGJ2023Ungnomes/GGJ2023Ungnomes/Content/TheUnGnome/Music/MasterSoundClass.uasset" 1
"F:/GitHub/GGJ2023Ungnomes/GGJ2023Ungnomes/Content/InterfaceAndItemSounds/WAV/Abstract_Pop_03_wav.uasset" 2
"F:/GitHub/GGJ2023Ungnomes/GGJ2023Ungnomes/Content/TheUnGnome/Blueprints/I_Interact.uasset" 3
"F:/GitHub/GGJ2023Ungnomes/GGJ2023Ungnomes/Content/TheUnGnome/GUI/Textures/GGJ2023_Ungnomes_LoseScreen_lossless.uasset" 4
"F:/GitHub/GGJ2023Ungnomes/GGJ2023Ungnomes/Content/TheUnGnome/GUI/WBP_LoseScreen.uasset" 5
"F:/GitHub/GGJ2023Ungnomes/GGJ2023Ungnomes/Content/TheUnGnome/GUI/Textures/Gnome.uasset" 6
"F:/GitHub/GGJ2023Ungnomes/GGJ2023Ungnomes/Content/TheUnGnome/Blueprints/BP_Health.uasset" 7
"F:/GitHub/GGJ2023Ungnomes/GGJ2023Ungnomes/Content/TheUnGnome/GUI/WBP_HUD.uasset" 8
"F:/GitHub/GGJ2023Ungnomes/GGJ2023Ungnomes/Content/TheUnGnome/Blueprints/PlayerCharacter/GnomePrime_PhysicsAsset.uasset" 9
"F:/GitHub/GGJ2023Ungnomes/GGJ2023Ungnomes/Content/TheUnGnome/Blueprints/PlayerCharacter/Rake_Base_Color.uasset" 10
"F:/GitHub/GGJ2023Ungnomes/GGJ2023Ungnomes/Content/TheUnGnome/Blueprints/PlayerCharacter/Rake.uasset" 11
"F:/GitHub/GGJ2023Ungnomes/GGJ2023Ungnomes/Content/TheUnGnome/Blueprints/PlayerCharacter/Metal.uasset" 12
"F:/GitHub/GGJ2023Ungnomes/GGJ2023Ungnomes/Content/TheUnGnome/Blueprints/PlayerCharacter/Gnome_Base_Color.uasset" 13
"F:/GitHub/GGJ2023Ungnomes/GGJ2023Ungnomes/Content/TheUnGnome/Blueprints/PlayerCharacter/Gnome.uasset" 14
"F:/GitHub/GGJ2023Ungnomes/GGJ2023Ungnomes/Content/TheUnGnome/Blueprints/PlayerCharacter/Flower_Base_Color.uasset" 15
"F:/GitHub/GGJ2023Ungnomes/GGJ2023Ungnomes/Content/TheUnGnome/Blueprints/PlayerCharacter/Flower.uasset" 16
"F:/GitHub/GGJ2023Ungnomes/GGJ2023Ungnomes/Content/TheUnGnome/Blueprints/PlayerCharacter/GnomePrime_Skeleton.uasset" 17
"F:/GitHub/GGJ2023Ungnomes/GGJ2023Ungnomes/Content/TheUnGnome/Blueprints/PlayerCharacter/GnomePrime.uasset" 18
"../../../Engine/Content/Animation/DefaultAnimCurveCompressionSettings.uasset" 19
"../../../Engine/Content/Animation/DefaultAnimBoneCompressionSettings.uasset" 20
"F:/GitHub/GGJ2023Ungnomes/GGJ2023Ungnomes/Content/TheUnGnome/Blueprints/PlayerCharacter/GnomePrime_Anim_GnomeRig_Run_Animation.uasset" 21
"F:/GitHub/GGJ2023Ungnomes/GGJ2023Ungnomes/Content/TheUnGnome/Blueprints/PlayerCharacter/GnomePrime_Anim_GnomeRig_Idle_Anim.uasset" 22
"F:/GitHub/GGJ2023Ungnomes/GGJ2023Ungnomes/Content/TheUnGnome/Blueprints/PlayerCharacter/Idle_Move.uasset" 23
"F:/GitHub/GGJ2023Ungnomes/GGJ2023Ungnomes/Content/TheUnGnome/Blueprints/PlayerCharacter/GnomePrime_Anim_GnomeRig_Jump_start.uasset" 24
"F:/GitHub/GGJ2023Ungnomes/GGJ2023Ungnomes/Content/TheUnGnome/Blueprints/PlayerCharacter/GnomePrime_Anim_GnomeRig_Jump_Land.uasset" 25
"F:/GitHub/GGJ2023Ungnomes/GGJ2023Ungnomes/Content/TheUnGnome/Blueprints/PlayerCharacter/GnomePrime_Anim_GnomeRig_Jump_Mid.uasset" 26
"F:/GitHub/GGJ2023Ungnomes/GGJ2023Ungnomes/Content/TheUnGnome/Blueprints/PlayerCharacter/GnomePrime_Anim_GnomeRig_Jump_Fall.uasset" 27
"F:/GitHub/GGJ2023Ungnomes/GGJ2023Ungnomes/Content/TheUnGnome/Blueprints/PlayerCharacter/Idle_Jump.uasset" 28
"F:/GitHub/GGJ2023Ungnomes/GGJ2023Ungnomes/Content/TheUnGnome/Blueprints/PlayerCharacter/GnomePrime_Anim_GnomeRig_Attack_Anim.uasset" 29
"F:/GitHub/GGJ2023Ungnomes/GGJ2023Ungnomes/Content/TheUnGnome/Blueprints/PlayerCharacter/MyAnim_BP.uasset" 30
"F:/GitHub/GGJ2023Ungnomes/GGJ2023Ungnomes/Content/TheUnGnome/GUI/Textures/AdobeStock_533694153.uasset" 31
"F:/GitHub/GGJ2023Ungnomes/GGJ2023Ungnomes/Content/Mannequin/Character/Mesh/SK_Mannequin_PhysicsAsset.uasset" 32
"F:/GitHub/GGJ2023Ungnomes/GGJ2023Ungnomes/Content/Mannequin/Character/Textures/T_UE4Logo_N.uasset" 33
"F:/GitHub/GGJ2023Ungnomes/GGJ2023Ungnomes/Content/Mannequin/Character/Textures/T_UE4Logo_Mask.uasset" 34
"F:/GitHub/GGJ2023Ungnomes/GGJ2023Ungnomes/Content/Mannequin/Character/Textures/T_Male_N.uasset" 35
"F:/GitHub/GGJ2023Ungnomes/GGJ2023Ungnomes/Content/Mannequin/Character/Textures/T_Male_Mask.uasset" 36
"F:/GitHub/GGJ2023Ungnomes/GGJ2023Ungnomes/Content/Mannequin/Character/Materials/MaterialLayers/T_ML_Rubber_Blue_01_N.uasset" 37
"F:/GitHub/GGJ2023Ungnomes/GGJ2023Ungnomes/Content/Mannequin/Character/Materials/MaterialLayers/T_ML_Rubber_Blue_01_D.uasset" 38
"F:/GitHub/GGJ2023Ungnomes/GGJ2023Ungnomes/Content/Mannequin/Character/Materials/MaterialLayers/T_ML_Aluminum01_N.uasset" 39
"F:/GitHub/GGJ2023Ungnomes/GGJ2023Ungnomes/Content/Mannequin/Character/Materials/MaterialLayers/T_ML_Aluminum01.uasset" 40
"F:/GitHub/GGJ2023Ungnomes/GGJ2023Ungnomes/Content/Mannequin/Character/Materials/MaterialLayers/ML_SoftMetal_UE4.uasset" 41
"F:/GitHub/GGJ2023Ungnomes/GGJ2023Ungnomes/Content/Mannequin/Character/Materials/MaterialLayers/ML_Plastic_Shiny_Beige_LOGO.uasset" 42
"F:/GitHub/GGJ2023Ungnomes/GGJ2023Ungnomes/Content/Mannequin/Character/Materials/MaterialLayers/ML_Plastic_Shiny_Beige.uasset" 43
"F:/GitHub/GGJ2023Ungnomes/GGJ2023Ungnomes/Content/Mannequin/Character/Materials/MaterialLayers/ML_GlossyBlack_Latex_UE4.uasset" 44
"../../../Engine/Content/Functions/MaterialLayerFunctions/MatLayerBlend_Simple.uasset" 45
"../../../Engine/Content/Functions/Engine_MaterialFunctions02/Utility/BlendAngleCorrectedNormals.uasset" 46
"../../../Engine/Content/Functions/MaterialLayerFunctions/MatLayerBlend_NormalBlend.uasset" 47
"F:/GitHub/GGJ2023Ungnomes/GGJ2023Ungnomes/Content/Mannequin/Character/Materials/M_Male_Body.uasset" 48
"F:/GitHub/GGJ2023Ungnomes/GGJ2023Ungnomes/Content/Mannequin/Character/Materials/M_UE4Man_ChestLogo.uasset" 49
"F:/GitHub/GGJ2023Ungnomes/GGJ2023Ungnomes/Content/Mannequin/Character/Mesh/UE4_Mannequin_Skeleton.uasset" 50
"F:/GitHub/GGJ2023Ungnomes/GGJ2023Ungnomes/Content/Mannequin/Character/Mesh/SK_Mannequin.uasset" 51
"F:/GitHub/GGJ2023Ungnomes/GGJ2023Ungnomes/Content/Mannequin/Animations/ThirdPersonWalk.uasset" 52
"F:/GitHub/GGJ2023Ungnomes/GGJ2023Ungnomes/Content/Mannequin/Animations/ThirdPersonRun.uasset" 53
"F:/GitHub/GGJ2023Ungnomes/GGJ2023Ungnomes/Content/Mannequin/Animations/ThirdPersonIdle.uasset" 54
"F:/GitHub/GGJ2023Ungnomes/GGJ2023Ungnomes/Content/Mannequin/Animations/ThirdPerson_IdleRun_2D.uasset" 55
"F:/GitHub/GGJ2023Ungnomes/GGJ2023Ungnomes/Content/Mannequin/Animations/ThirdPerson_Jump.uasset" 56
"F:/GitHub/GGJ2023Ungnomes/GGJ2023Ungnomes/Content/Mannequin/Animations/ThirdPersonJump_Start.uasset" 57
"F:/GitHub/GGJ2023Ungnomes/GGJ2023Ungnomes/Content/Mannequin/Animations/ThirdPersonJump_Loop.uasset" 58
"F:/GitHub/GGJ2023Ungnomes/GGJ2023Ungnomes/Content/Mannequin/Animations/ThirdPerson_AnimBP.uasset" 59
"F:/GitHub/GGJ2023Ungnomes/GGJ2023Ungnomes/Content/SideScrollerBP/Blueprints/SideScrollerCharacter.uasset" 60
"F:/GitHub/GGJ2023Ungnomes/GGJ2023Ungnomes/Content/TheUnGnome/GUI/WBP_PauseMenu.uasset" 61
"F:/GitHub/GGJ2023Ungnomes/GGJ2023Ungnomes/Content/StarterContent/Textures/T_Spark_Core.uasset" 62
"F:/GitHub/GGJ2023Ungnomes/GGJ2023Ungnomes/Content/StarterContent/Particles/Materials/M_Spark.uasset" 63
"../../../Engine/Content/Functions/Engine_MaterialFunctions01/Gradient/RadialGradient.uasset" 64
"F:/GitHub/GGJ2023Ungnomes/GGJ2023Ungnomes/Content/StarterContent/Particles/Materials/M_Radial_Gradient.uasset" 65
"F:/GitHub/GGJ2023Ungnomes/GGJ2023Ungnomes/Content/StarterContent/Textures/T_Smoke_Tiled_D.uasset" 66
"F:/GitHub/GGJ2023Ungnomes/GGJ2023Ungnomes/Content/StarterContent/Textures/T_Smoke_SubUV.uasset" 67
"F:/GitHub/GGJ2023Ungnomes/GGJ2023Ungnomes/Content/StarterContent/Particles/Materials/M_smoke_subUV.uasset" 68
"F:/GitHub/GGJ2023Ungnomes/GGJ2023Ungnomes/Content/StarterContent/Particles/P_Sparks.uasset" 69
"F:/GitHub/GGJ2023Ungnomes/GGJ2023Ungnomes/Content/Magic___Spell_Sounds_PRO/Special_Attacks/wav/Special_Attack_17.uasset" 70
"F:/GitHub/GGJ2023Ungnomes/GGJ2023Ungnomes/Content/Magic___Spell_Sounds_PRO/Elements___School/Fire/wav/Fire_Spell_11.uasset" 71
"F:/GitHub/GGJ2023Ungnomes/GGJ2023Ungnomes/Content/Magic___Spell_Sounds_PRO/Casting___Loops/wav/Holy_Cast_Loop_1.uasset" 72
"F:/GitHub/GGJ2023Ungnomes/GGJ2023Ungnomes/Content/InterfaceAndItemSounds/WAV/Discordant_GameOver_Musical_Short_wav.uasset" 73
"F:/GitHub/GGJ2023Ungnomes/GGJ2023Ungnomes/Content/TheUnGnome/Blueprints/PlayerCharacter/BP_PlayerCharacter.uasset" 74
"F:/GitHub/GGJ2023Ungnomes/GGJ2023Ungnomes/Content/TheUnGnome/Blueprints/BP_GameMode.uasset" 75
"../../../Engine/Content/Functions/Engine_MaterialFunctions01/Opacity/CameraDepthFade.uasset" 76
"../../../Engine/Content/EngineMaterials/T_Default_Material_Grid_N.uasset" 77
"../../../Engine/Content/EngineMaterials/T_Default_Material_Grid_M.uasset" 78
"../../../Engine/Content/EngineMaterials/WorldGridMaterial.uasset" 79
"../../../Engine/Content/ArtTools/RenderToTexture/Meshes/S_1_Unit_Plane.uasset" 80
"../../../Engine/Content/EngineMaterials/DefaultMaterial.uasset" 81
"../../../Engine/Content/BasicShapes/Cone.uasset" 82
"../../../Engine/Content/BasicShapes/Cube.uasset" 83
"../../../Engine/Content/BasicShapes/Sphere.uasset" 84
"../../../Engine/Content/EditorLandscapeResources/DataLayer.uasset" 85
"../../../Engine/Content/EditorLandscapeResources/DefaultAlphaTexture.uasset" 86
"../../../Engine/Content/EditorMaterials/MAT_Groups_Toggle.uasset" 87
"../../../Engine/Content/EditorMaterials/MAT_Groups_Visibility.uasset" 88
"../../../Engine/Content/EditorMaterials/PreviewShadowIndicator.uasset" 89
"../../../Engine/Content/EditorMaterials/PreviewShadowIndicatorMaterial.uasset" 90
"../../../Engine/Content/EditorMaterials/MatineeGroups/MAT_ColorTrack.uasset" 91
"../../../Engine/Content/EditorMaterials/MatineeGroups/MAT_Groups_Anim.uasset" 92
"../../../Engine/Content/EditorMaterials/MatineeGroups/MAT_Groups_AudioMaster.uasset" 93
"../../../Engine/Content/EditorMaterials/MatineeGroups/MAT_Groups_Director.uasset" 94
"../../../Engine/Content/EditorMaterials/MatineeGroups/MAT_Groups_Event.uasset" 95
"../../../Engine/Content/EditorMaterials/MatineeGroups/MAT_Groups_Fade.uasset" 96
"../../../Engine/Content/EditorMaterials/MatineeGroups/MAT_Groups_Float.uasset" 97
"../../../Engine/Content/EditorMaterials/MatineeGroups/MAT_Groups_Move.uasset" 98
"../../../Engine/Content/EditorMaterials/MatineeGroups/MAT_Groups_Slomo.uasset" 99
"../../../Engine/Content/EditorMaterials/MatineeGroups/MAT_Groups_Sound.uasset" 100
"../../../Engine/Content/EditorMaterials/MatineeGroups/MAT_Groups_Vector.uasset" 101
"../../../Engine/Content/EditorMaterials/ParticleSystems/PSysThumbnail_NoImage.uasset" 102
"../../../Engine/Content/EditorMaterials/ParticleSystems/PSysThumbnail_OOD.uasset" 103
"../../../Engine/Content/EditorMaterials/Camera/CineMat.uasset" 104
"../../../Engine/Content/EditorMaterials/Camera/MI_CineMat_Rig.uasset" 105
"../../../Engine/Content/EditorMeshes/Camera/SM_CraneRig_Arm.uasset" 106
"../../../Engine/Content/EditorMeshes/Camera/SM_CraneRig_Base.uasset" 107
"../../../Engine/Content/EditorMeshes/Camera/SM_CraneRig_Body.uasset" 108
"../../../Engine/Content/EditorMeshes/Camera/SM_CraneRig_Mount.uasset" 109
"../../../Engine/Content/EditorMeshes/Camera/SM_RailRig_Mount.uasset" 110
"../../../Engine/Content/EditorMeshes/Camera/SM_RailRig_Track.uasset" 111
"../../../Engine/Content/EditorResources/BSPVertex.uasset" 112
"../../../Engine/Content/EditorResources/EmptyActor.uasset" 113
"../../../Engine/Content/EditorResources/S_Actor.uasset" 114
"../../../Engine/Content/EditorResources/S_Note.uasset" 115
"../../../Engine/Content/EditorResources/S_Solver.uasset" 116
"../../../Engine/Content/EditorResources/S_Terrain.uasset" 117
"../../../Engine/Content/EditorResources/S_Trigger.uasset" 118
"../../../Engine/Content/EditorResources/SequenceRecorder/Countdown.uasset" 119
"../../../Engine/Content/EditorResources/SequenceRecorder/RecordingIndicator.uasset" 120
"../../../Engine/Content/EngineDamageTypes/DmgTypeBP_Environmental.uasset" 121
"../../../Engine/Content/EngineDebugMaterials/DebugEditorMaterial.uasset" 122
"../../../Engine/Content/EngineDebugMaterials/DebugMeshMaterial.uasset" 123
"../../../Engine/Content/EngineDebugMaterials/M_SimpleUnlitTranslucent.uasset" 124
"../../../Engine/Content/EngineDebugMaterials/VolumeToRender.uasset" 125
"../../../Engine/Content/Functions/Engine_MaterialFunctions02/Utility/CameraDirectionVector.uasset" 126
"../../../Engine/Content/EngineDebugMaterials/M_VolumeRenderSphereTracePP.uasset" 127
"../../../Engine/Content/Functions/Engine_MaterialFunctions01/Shading/ConvertFromDiffSpec.uasset" 128
"../../../Engine/Content/EngineDebugMaterials/VertexColorMaterial.uasset" 129
"../../../Engine/Content/EngineDebugMaterials/WireframeMaterial.uasset" 130
"../../../Engine/Content/EngineFonts/Faces/RobotoRegular.uasset" 131
"../../../Engine/Content/EngineFonts/Faces/RobotoLight.uasset" 132
"../../../Engine/Content/EngineFonts/Faces/RobotoItalic.uasset" 133
"../../../Engine/Content/EngineFonts/Faces/RobotoBoldItalic.uasset" 134
"../../../Engine/Content/EngineFonts/Faces/RobotoBold.uasset" 135
"../../../Engine/Content/EngineFonts/Faces/DroidSansFallback.uasset" 136
"../../../Engine/Content/EngineFonts/Roboto.uasset" 137
"../../../Engine/Content/EngineMaterials/BaseFlattenNormalMap.uasset" 138
"../../../Engine/Content/EngineMaterials/BaseFlattenGrayscaleMap.uasset" 139
"../../../Engine/Content/EngineMaterials/BaseFlattenEmissiveMap.uasset" 140
"../../../Engine/Content/EngineMaterials/BaseFlattenDiffuseMap.uasset" 141
"../../../Engine/Content/EngineMaterials/BaseFlattenMaterial.uasset" 142
"../../../Engine/Content/EngineMaterials/BlueNoise.uasset" 143
"../../../Engine/Content/EngineMaterials/DefaultBloomKernel.uasset" 144
"../../../Engine/Content/EngineMaterials/DefaultBokeh.uasset" 145
"../../../Engine/Content/EngineMaterials/DefaultDiffuse.uasset" 146
"../../../Engine/Content/EngineMaterials/DefaultDeferredDecalMaterial.uasset" 147
"../../../Engine/Content/EngineMaterials/DefaultLightFunctionMaterial.uasset" 148
"../../../Engine/Content/Functions/Engine_MaterialFunctions02/Utility/BreakOutFloat2Components.uasset" 149
"../../../Engine/Content/EngineMaterials/DefaultPostProcessMaterial.uasset" 150
"../../../Engine/Content/EngineFonts/RobotoDistanceField.uasset" 151
"../../../Engine/Content/EngineMaterials/DefaultTextMaterialOpaque.uasset" 152
"../../../Engine/Content/EngineMaterials/DefaultWhiteGrid.uasset" 153
"../../../Engine/Content/EngineMaterials/DefaultWhiteGrid_Low.uasset" 154
"../../../Engine/Content/EngineMaterials/EmissiveMeshMaterial.uasset" 155
"../../../Engine/Content/EngineMaterials/GizmoMaterial.uasset" 156
"../../../Engine/Content/EngineMaterials/Good64x64TilingNoiseHighFreq.uasset" 157
"../../../Engine/Content/EngineMaterials/MiniFont.uasset" 158
"../../../Engine/Content/EngineMaterials/InvalidLightmapSettings.uasset" 159
"../../../Engine/Content/EngineMaterials/M_InvalidLightmapSettings.uasset" 160
"../../../Engine/Content/Functions/Engine_MaterialFunctions02/WorldPositionOffset/CameraOffset.uasset" 161
"../../../Engine/Content/EngineMaterials/PhAT_JointLimitMaterial.uasset" 162
"../../../Engine/Content/EngineMaterials/PreintegratedSkinBRDF.uasset" 163
"../../../Engine/Content/EngineMaterials/RemoveSurfaceMaterial.uasset" 164
"../../../Engine/Content/EngineMaterials/WeightMapPlaceholderTexture.uasset" 165
"../../../Engine/Content/EngineResources/WhiteSquareTexture.uasset" 166
"../../../Engine/Content/EngineMaterials/Widget3DPassThrough.uasset" 167
"../../../Engine/Content/EngineMaterials/Widget3DPassThrough_Masked.uasset" 168
"../../../Engine/Content/EngineMaterials/Widget3DPassThrough_Opaque.uasset" 169
"../../../Engine/Content/EngineMaterials/Widget3DPassThrough_Masked_OneSided.uasset" 170
"../../../Engine/Content/EngineMaterials/Widget3DPassThrough_Opaque_OneSided.uasset" 171
"../../../Engine/Content/EngineMaterials/Widget3DPassThrough_Translucent.uasset" 172
"../../../Engine/Content/EngineMaterials/Widget3DPassThrough_Translucent_OneSided.uasset" 173
"../../../Engine/Content/EngineMeshes/Cylinder.uasset" 174
"../../../Engine/Content/EngineMeshes/Sphere.uasset" 175
"../../../Engine/Content/EngineResources/Black.uasset" 176
"../../../Engine/Content/EngineResources/DefaultTextureCube.uasset" 177
"../../../Engine/Content/EngineResources/DefaultVolumeTexture2D.uasset" 178
"../../../Engine/Content/EngineResources/DefaultVolumeTexture.uasset" 179
"../../../Engine/Content/EngineResources/GradientTexture0.uasset" 180
"../../../Engine/Content/EngineSky/VolumetricClouds/T_NoiseShape64.uasset" 181
"../../../Engine/Content/EngineSky/VolumetricClouds/T_VolumeNoiseShape64.uasset" 182
"../../../Engine/Content/EngineSky/VolumetricClouds/T_NoiseErosion.uasset" 183
"../../../Engine/Content/EngineSky/VolumetricClouds/T_VolumeNoiseErosion32.uasset" 184
"../../../Engine/Content/Functions/Engine_MaterialFunctions02/Utility/MakeFloat2.uasset" 185
"../../../Engine/Content/EngineSky/VolumetricClouds/CloudWeatherTexture.uasset" 186
"../../../Engine/Content/EngineSky/VolumetricClouds/CloudGradientTexture.uasset" 187
"../../../Engine/Content/EngineSky/VolumetricClouds/m_SimpleVolumetricCloud.uasset" 188
"../../../Engine/Content/EngineSky/VolumetricClouds/m_SimpleVolumetricCloud_Inst.uasset" 189
"../../../Engine/Content/EngineSounds/Master.uasset" 190
"../../../Engine/Content/Functions/Engine_MaterialFunctions01/Shading/PowerToRoughness.uasset" 191
"../../../Engine/Content/Maps/Templates/Thumbnails/Default.uasset" 192
"../../../Engine/Content/Maps/Templates/Thumbnails/TimeOfDay.uasset" 193
"../../../Engine/Content/Maps/Templates/Thumbnails/VR-Basic.uasset" 194
"../../../Engine/Content/MobileResources/T_MobileControls_texture.uasset" 195
"../../../Engine/Content/MobileResources/T_MobileMenu2.uasset" 196
"../../../Engine/Content/MobileResources/HUD/AnalogHat.uasset" 197
"../../../Engine/Content/MobileResources/HUD/VirtualJoystick_Thumb.uasset" 198
"../../../Engine/Content/MobileResources/HUD/VirtualJoystick_Background.uasset" 199
"../../../Engine/Content/MobileResources/HUD/DefaultVirtualJoysticks.uasset" 200
"../../../Engine/Content/MobileResources/HUD/LeftVirtualJoystickOnly.uasset" 201
"../../../Engine/Content/MobileResources/HUD/MobileHUDButton1_off.uasset" 202
"../../../Engine/Content/MobileResources/HUD/MobileHUDButton1_on.uasset" 203
"../../../Engine/Content/MobileResources/HUD/MobileHUDButton2_off.uasset" 204
"../../../Engine/Content/MobileResources/HUD/MobileHUDButton2_on.uasset" 205
"../../../Engine/Content/MobileResources/HUD/MobileHUDButton3.uasset" 206
"../../../Engine/Content/MobileResources/HUD/MobileHUDButtonFire.uasset" 207
"../../../Engine/Content/MobileResources/HUD/MobileHUDDirectionPad.uasset" 208
"../../../Engine/Content/MobileResources/HUD/MobileHUDDirectionPad2.uasset" 209
"../../../Engine/Content/MobileResources/HUD/MobileHUDDirectionPad3.uasset" 210
"../../../Engine/Content/MobileResources/HUD/MobileHUDDirectionStick.uasset" 211
"../../../Engine/Content/MobileResources/HUD/T_Castle_ThumbstickInner.uasset" 212
"../../../Engine/Content/MobileResources/HUD/T_Castle_ThumbstickOutter.uasset" 213
"../../../Engine/Content/Tutorial/ContentIntroCurve.uasset" 214
"../../../Engine/Content/Tutorial/Basics/LevelEditorAttract.uasset" 215
"../../../Engine/Content/Tutorial/Installation/InstallingVisualStudioTutorial.uasset" 216
"../../../Engine/Content/VREditor/TransformGizmo/TranslucentTransformGizmoMaterial.uasset" 217
"../../../Engine/Content/VREditor/LaserPointer/VR_LaserPower_01.uasset" 218
"../../../Engine/Content/VREditor/TransformGizmo/TransformGizmoMaterial.uasset" 219
"../../../Engine/Content/VREditor/TransformGizmo/BoundingBoxCorner.uasset" 220
"../../../Engine/Content/VREditor/TransformGizmo/BoundingBoxEdge.uasset" 221
"../../../Engine/Content/VREditor/TransformGizmo/PlaneTranslationHandle.uasset" 222
"../../../Engine/Content/VREditor/TransformGizmo/Xray.uasset" 223
"../../../Engine/Content/VREditor/TransformGizmo/Main.uasset" 224
"../../../Engine/Content/VREditor/TransformGizmo/SM_Sequencer_Key.uasset" 225
"../../../Engine/Content/VREditor/TransformGizmo/SM_Sequencer_Node.uasset" 226
"../../Plugins/2D/Paper2D/Content/PlaceholderTextures/DummySpriteTexture.uasset" 227
"../../Plugins/2D/Paper2D/Content/DummySprite.uasset" 228
"../../Plugins/2D/Paper2D/Content/DefaultPaperTerrainMaterial.uasset" 229
"../../Plugins/2D/Paper2D/Content/DefaultSpriteMaterial.uasset" 230
"../../Plugins/2D/Paper2D/Content/MaskedUnlitSpriteMaterial.uasset" 231
"../../Plugins/2D/Paper2D/Content/OpaqueUnlitSpriteMaterial.uasset" 232
"../../../Engine/Content/Functions/Engine_MaterialFunctions02/Utility/BreakOutFloat3Components.uasset" 233
"../../../Engine/Content/Functions/Engine_MaterialFunctions02/ObjectLocalBounds.uasset" 234
"../../Plugins/Editor/SpeedTreeImporter/Content/SpeedTree9/UnpackInteger3.uasset" 235
"../../Plugins/Editor/SpeedTreeImporter/Content/SpeedTree9/UnpackDirection.uasset" 236
"../../Plugins/Editor/SpeedTreeImporter/Content/SpeedTree9/game_wind_noise.uasset" 237
"../../../Engine/Content/Functions/Engine_MaterialFunctions02/SafeNormalize.uasset" 238
"../../Plugins/Editor/SpeedTreeImporter/Content/SpeedTree9/SpeedTreeWindMotion.uasset" 239
"../../Plugins/Editor/SpeedTreeImporter/Content/SpeedTree9/SpeedTreeBranchMotion.uasset" 240
"../../../Engine/Content/Functions/Engine_MaterialFunctions02/UVs/BoundingBoxBased_0-1_UVW.uasset" 241
"../../Plugins/Editor/SpeedTreeImporter/Content/SpeedTree9/SpeedTreeWind.uasset" 242
"../../Plugins/Editor/SpeedTreeImporter/Content/SpeedTree9/SpeedTreeBillboard.uasset" 243
"../../../Engine/Content/EngineResources/DefaultTexture.uasset" 244
"../../Plugins/Editor/SpeedTreeImporter/Content/SpeedTree9/SpeedTreeBillboardMaster.uasset" 245
"../../Plugins/Editor/SpeedTreeImporter/Content/SpeedTree9/SpeedTreeCameraFacing.uasset" 246
"../../Plugins/Editor/SpeedTreeImporter/Content/SpeedTree9/SpeedTreeMaster.uasset" 247
"../../../Engine/Content/BasicShapes/Cylinder.uasset" 248
"../../../Engine/Content/ArtTools/RenderToTexture/Materials/Debug/M_Emissive_Color.uasset" 249
"../../Plugins/Lumin/MagicLeapPassableWorld/Content/MagicLeapARPinInfoActor.uasset" 250
"../../../Engine/Content/Functions/Engine_MaterialFunctions02/Utility/MakeFloat3.uasset" 251
"../../../Engine/Content/Functions/Engine_MaterialFunctions02/Utility/BreakOutFloat4Components.uasset" 252
"../../Plugins/Runtime/Oculus/OculusVR/Content/Materials/OculusMR_ChromaKey.uasset" 253
"../../Plugins/Runtime/Oculus/OculusVR/Content/Materials/OculusMR_OpaqueColoredMaterial.uasset" 254
"../../Plugins/Runtime/Oculus/OculusVR/Content/Materials/PokeAHoleMaterial.uasset" 255
"F:/GitHub/GGJ2023Ungnomes/GGJ2023Ungnomes/Content/TheUnGnome/StaticMesh/defaultMat.uasset" 256
"F:/GitHub/GGJ2023Ungnomes/GGJ2023Ungnomes/Content/TheUnGnome/StaticMesh/Cap.uasset" 257
"F:/GitHub/GGJ2023Ungnomes/GGJ2023Ungnomes/Content/StarterContent/Textures/T_MacroVariation.uasset" 258
"F:/GitHub/GGJ2023Ungnomes/GGJ2023Ungnomes/Content/StarterContent/Textures/T_Wood_Walnut_N.uasset" 259
"F:/GitHub/GGJ2023Ungnomes/GGJ2023Ungnomes/Content/StarterContent/Textures/T_Wood_Walnut_D.uasset" 260
"F:/GitHub/GGJ2023Ungnomes/GGJ2023Ungnomes/Content/StarterContent/Materials/M_Wood_Walnut.uasset" 261
"F:/GitHub/GGJ2023Ungnomes/GGJ2023Ungnomes/Content/TheUnGnome/StaticMesh/Stem.uasset" 262
"F:/GitHub/GGJ2023Ungnomes/GGJ2023Ungnomes/Content/BranchGate/BP_Mushroom.uasset" 263
"F:/GitHub/GGJ2023Ungnomes/GGJ2023Ungnomes/Content/StarterContent/Textures/T_Perlin_Noise_M.uasset" 264
"F:/GitHub/GGJ2023Ungnomes/GGJ2023Ungnomes/Content/StarterContent/Textures/T_Ground_Grass_N.uasset" 265
"F:/GitHub/GGJ2023Ungnomes/GGJ2023Ungnomes/Content/StarterContent/Textures/T_Ground_Grass_D.uasset" 266
"F:/GitHub/GGJ2023Ungnomes/GGJ2023Ungnomes/Content/StarterContent/Materials/M_Ground_Grass.uasset" 267
"F:/GitHub/GGJ2023Ungnomes/GGJ2023Ungnomes/Content/StarterContent/Materials/M_Basic_Wall.uasset" 268
"F:/GitHub/GGJ2023Ungnomes/GGJ2023Ungnomes/Content/StarterContent/Shapes/Shape_Cone.uasset" 269
"F:/GitHub/GGJ2023Ungnomes/GGJ2023Ungnomes/Content/StarterContent/Textures/T_Wood_Oak_N.uasset" 270
"F:/GitHub/GGJ2023Ungnomes/GGJ2023Ungnomes/Content/StarterContent/Textures/T_Wood_Oak_D.uasset" 271
"F:/GitHub/GGJ2023Ungnomes/GGJ2023Ungnomes/Content/StarterContent/Materials/M_Wood_Oak.uasset" 272
"F:/GitHub/GGJ2023Ungnomes/GGJ2023Ungnomes/Content/BranchGate/BP_TestBlueprint.uasset" 273
"F:/GitHub/GGJ2023Ungnomes/GGJ2023Ungnomes/Content/StarterContent/Shapes/Shape_Sphere.uasset" 274
"F:/GitHub/GGJ2023Ungnomes/GGJ2023Ungnomes/Content/BranchGate/MT_Red.uasset" 275
"F:/GitHub/GGJ2023Ungnomes/GGJ2023Ungnomes/Content/BranchGate/BP_MovingPlatform.uasset" 276
"F:/GitHub/GGJ2023Ungnomes/GGJ2023Ungnomes/Content/StarterContent/Textures/T_Ground_Moss_N.uasset" 277
"F:/GitHub/GGJ2023Ungnomes/GGJ2023Ungnomes/Content/StarterContent/Textures/T_ground_Moss_D.uasset" 278
"F:/GitHub/GGJ2023Ungnomes/GGJ2023Ungnomes/Content/StarterContent/Materials/M_Ground_Moss.uasset" 279
"F:/GitHub/GGJ2023Ungnomes/GGJ2023Ungnomes/Content/Geometry/Meshes/CubeMaterial.uasset" 280
"F:/GitHub/GGJ2023Ungnomes/GGJ2023Ungnomes/Content/Geometry/Meshes/1M_Cube.uasset" 281
"F:/GitHub/GGJ2023Ungnomes/GGJ2023Ungnomes/Content/StarterContent/Shapes/Shape_Cylinder.uasset" 282
"F:/GitHub/GGJ2023Ungnomes/GGJ2023Ungnomes/Content/Bridge_Collapsing_pressurePlate/BP_PressurePad.uasset" 283
"F:/GitHub/GGJ2023Ungnomes/GGJ2023Ungnomes/Content/Geometry/Meshes/TemplateFloor.uasset" 284
"F:/GitHub/GGJ2023Ungnomes/GGJ2023Ungnomes/Content/TheUnGnome/StaticMesh/Material_006.uasset" 285
"F:/GitHub/GGJ2023Ungnomes/GGJ2023Ungnomes/Content/TheUnGnome/StaticMesh/Material_005.uasset" 286
"F:/GitHub/GGJ2023Ungnomes/GGJ2023Ungnomes/Content/TheUnGnome/StaticMesh/Material_009.uasset" 287
"F:/GitHub/GGJ2023Ungnomes/GGJ2023Ungnomes/Content/TheUnGnome/StaticMesh/Material_008.uasset" 288
"F:/GitHub/GGJ2023Ungnomes/GGJ2023Ungnomes/Content/TheUnGnome/StaticMesh/Material_007.uasset" 289
"F:/GitHub/GGJ2023Ungnomes/GGJ2023Ungnomes/Content/TheUnGnome/StaticMesh/Material_004.uasset" 290
"F:/GitHub/GGJ2023Ungnomes/GGJ2023Ungnomes/Content/TheUnGnome/StaticMesh/Material_001.uasset" 291
"F:/GitHub/GGJ2023Ungnomes/GGJ2023Ungnomes/Content/TheUnGnome/StaticMesh/Material.uasset" 292
"F:/GitHub/GGJ2023Ungnomes/GGJ2023Ungnomes/Content/TheUnGnome/StaticMesh/Material_003.uasset" 293
"F:/GitHub/GGJ2023Ungnomes/GGJ2023Ungnomes/Content/TheUnGnome/StaticMesh/Material_002.uasset" 294
"F:/GitHub/GGJ2023Ungnomes/GGJ2023Ungnomes/Content/TheUnGnome/StaticMesh/MushoomHouse.uasset" 295
"F:/GitHub/GGJ2023Ungnomes/GGJ2023Ungnomes/Content/TheUnGnome/Music/BossFight_Soundtrack.uasset" 296
"F:/GitHub/GGJ2023Ungnomes/GGJ2023Ungnomes/Content/TheUnGnome/MushroomVilla/Material_046.uasset" 297
"F:/GitHub/GGJ2023Ungnomes/GGJ2023Ungnomes/Content/TheUnGnome/MushroomVilla/Material_045.uasset" 298
"F:/GitHub/GGJ2023Ungnomes/GGJ2023Ungnomes/Content/TheUnGnome/MushroomVilla/Material_044.uasset" 299
"F:/GitHub/GGJ2023Ungnomes/GGJ2023Ungnomes/Content/TheUnGnome/MushroomVilla/Material_042.uasset" 300
"F:/GitHub/GGJ2023Ungnomes/GGJ2023Ungnomes/Content/TheUnGnome/MushroomVilla/Material_041.uasset" 301
"F:/GitHub/GGJ2023Ungnomes/GGJ2023Ungnomes/Content/TheUnGnome/MushroomVilla/Material_040.uasset" 302
"F:/GitHub/GGJ2023Ungnomes/GGJ2023Ungnomes/Content/TheUnGnome/MushroomVilla/Material_039.uasset" 303
"F:/GitHub/GGJ2023Ungnomes/GGJ2023Ungnomes/Content/TheUnGnome/MushroomVilla/Material_037.uasset" 304
"F:/GitHub/GGJ2023Ungnomes/GGJ2023Ungnomes/Content/TheUnGnome/MushroomVilla/Material_036.uasset" 305
"F:/GitHub/GGJ2023Ungnomes/GGJ2023Ungnomes/Content/TheUnGnome/MushroomVilla/Material_035.uasset" 306
"F:/GitHub/GGJ2023Ungnomes/GGJ2023Ungnomes/Content/TheUnGnome/MushroomVilla/Material_034.uasset" 307
"F:/GitHub/GGJ2023Ungnomes/GGJ2023Ungnomes/Content/TheUnGnome/MushroomVilla/Material_033.uasset" 308
"F:/GitHub/GGJ2023Ungnomes/GGJ2023Ungnomes/Content/TheUnGnome/MushroomVilla/Material_032.uasset" 309
"F:/GitHub/GGJ2023Ungnomes/GGJ2023Ungnomes/Content/TheUnGnome/MushroomVilla/Material_031.uasset" 310
"F:/GitHub/GGJ2023Ungnomes/GGJ2023Ungnomes/Content/TheUnGnome/MushroomVilla/Material_030.uasset" 311
"F:/GitHub/GGJ2023Ungnomes/GGJ2023Ungnomes/Content/TheUnGnome/MushroomVilla/Material_029.uasset" 312
"F:/GitHub/GGJ2023Ungnomes/GGJ2023Ungnomes/Content/TheUnGnome/MushroomVilla/Material_028.uasset" 313
"F:/GitHub/GGJ2023Ungnomes/GGJ2023Ungnomes/Content/TheUnGnome/MushroomVilla/Material_027.uasset" 314
"F:/GitHub/GGJ2023Ungnomes/GGJ2023Ungnomes/Content/TheUnGnome/MushroomVilla/Material_026.uasset" 315
"F:/GitHub/GGJ2023Ungnomes/GGJ2023Ungnomes/Content/TheUnGnome/MushroomVilla/Material_025.uasset" 316
"F:/GitHub/GGJ2023Ungnomes/GGJ2023Ungnomes/Content/TheUnGnome/MushroomVilla/Material_024.uasset" 317
"F:/GitHub/GGJ2023Ungnomes/GGJ2023Ungnomes/Content/TheUnGnome/MushroomVilla/Material_023.uasset" 318
"F:/GitHub/GGJ2023Ungnomes/GGJ2023Ungnomes/Content/TheUnGnome/MushroomVilla/Material_021.uasset" 319
"F:/GitHub/GGJ2023Ungnomes/GGJ2023Ungnomes/Content/TheUnGnome/MushroomVilla/Material_020.uasset" 320
"F:/GitHub/GGJ2023Ungnomes/GGJ2023Ungnomes/Content/TheUnGnome/MushroomVilla/Material_019.uasset" 321
"F:/GitHub/GGJ2023Ungnomes/GGJ2023Ungnomes/Content/TheUnGnome/MushroomVilla/Material_018.uasset" 322
"F:/GitHub/GGJ2023Ungnomes/GGJ2023Ungnomes/Content/TheUnGnome/MushroomVilla/Material_017.uasset" 323
"F:/GitHub/GGJ2023Ungnomes/GGJ2023Ungnomes/Content/TheUnGnome/MushroomVilla/Material_015.uasset" 324
"F:/GitHub/GGJ2023Ungnomes/GGJ2023Ungnomes/Content/TheUnGnome/MushroomVilla/Material_014.uasset" 325
"F:/GitHub/GGJ2023Ungnomes/GGJ2023Ungnomes/Content/TheUnGnome/MushroomVilla/Material_013.uasset" 326
"F:/GitHub/GGJ2023Ungnomes/GGJ2023Ungnomes/Content/TheUnGnome/MushroomVilla/Material_012.uasset" 327
"F:/GitHub/GGJ2023Ungnomes/GGJ2023Ungnomes/Content/TheUnGnome/MushroomVilla/Material_011.uasset" 328
"F:/GitHub/GGJ2023Ungnomes/GGJ2023Ungnomes/Content/TheUnGnome/MushroomVilla/Material_010.uasset" 329
"F:/GitHub/GGJ2023Ungnomes/GGJ2023Ungnomes/Content/TheUnGnome/MushroomVilla/Material_009.uasset" 330
"F:/GitHub/GGJ2023Ungnomes/GGJ2023Ungnomes/Content/TheUnGnome/MushroomVilla/Material_008.uasset" 331
"F:/GitHub/GGJ2023Ungnomes/GGJ2023Ungnomes/Content/TheUnGnome/MushroomVilla/Material_007.uasset" 332
"F:/GitHub/GGJ2023Ungnomes/GGJ2023Ungnomes/Content/TheUnGnome/MushroomVilla/Material_006.uasset" 333
"F:/GitHub/GGJ2023Ungnomes/GGJ2023Ungnomes/Content/TheUnGnome/MushroomVilla/Material_005.uasset" 334
"F:/GitHub/GGJ2023Ungnomes/GGJ2023Ungnomes/Content/TheUnGnome/MushroomVilla/Material_003.uasset" 335
"F:/GitHub/GGJ2023Ungnomes/GGJ2023Ungnomes/Content/TheUnGnome/MushroomVilla/Material_002.uasset" 336
"F:/GitHub/GGJ2023Ungnomes/GGJ2023Ungnomes/Content/TheUnGnome/MushroomVilla/Material_001.uasset" 337
"F:/GitHub/GGJ2023Ungnomes/GGJ2023Ungnomes/Content/TheUnGnome/MushroomVilla/Material_050.uasset" 338
"F:/GitHub/GGJ2023Ungnomes/GGJ2023Ungnomes/Content/TheUnGnome/MushroomVilla/Material_049.uasset" 339
"F:/GitHub/GGJ2023Ungnomes/GGJ2023Ungnomes/Content/TheUnGnome/MushroomVilla/Material_048.uasset" 340
"F:/GitHub/GGJ2023Ungnomes/GGJ2023Ungnomes/Content/TheUnGnome/MushroomVilla/Material_047.uasset" 341
"F:/GitHub/GGJ2023Ungnomes/GGJ2023Ungnomes/Content/TheUnGnome/MushroomVilla/Material_052.uasset" 342
"F:/GitHub/GGJ2023Ungnomes/GGJ2023Ungnomes/Content/TheUnGnome/MushroomVilla/Material_043.uasset" 343
"F:/GitHub/GGJ2023Ungnomes/GGJ2023Ungnomes/Content/TheUnGnome/MushroomVilla/Material_038.uasset" 344
"F:/GitHub/GGJ2023Ungnomes/GGJ2023Ungnomes/Content/TheUnGnome/MushroomVilla/Material_022.uasset" 345
"F:/GitHub/GGJ2023Ungnomes/GGJ2023Ungnomes/Content/TheUnGnome/MushroomVilla/Material_016.uasset" 346
"F:/GitHub/GGJ2023Ungnomes/GGJ2023Ungnomes/Content/TheUnGnome/MushroomVilla/Material_004.uasset" 347
"F:/GitHub/GGJ2023Ungnomes/GGJ2023Ungnomes/Content/TheUnGnome/MushroomVilla/Material.uasset" 348
"F:/GitHub/GGJ2023Ungnomes/GGJ2023Ungnomes/Content/TheUnGnome/MushroomVilla/SM_TownHall.uasset" 349
"F:/GitHub/GGJ2023Ungnomes/GGJ2023Ungnomes/Content/TheUnGnome/MushroomVilla/Mushroom_Village1_0_Torus_004.uasset" 350
"F:/GitHub/GGJ2023Ungnomes/GGJ2023Ungnomes/Content/TheUnGnome/MushroomVilla/Mushroom_Village1_0_Torus_002.uasset" 351
"F:/GitHub/GGJ2023Ungnomes/GGJ2023Ungnomes/Content/TheUnGnome/MushroomVilla/Mushroom_Village1_0_Torus_001.uasset" 352
"F:/GitHub/GGJ2023Ungnomes/GGJ2023Ungnomes/Content/TheUnGnome/MushroomVilla/Mushroom_Village1_0_Plane_023.uasset" 353
"F:/GitHub/GGJ2023Ungnomes/GGJ2023Ungnomes/Content/TheUnGnome/MushroomVilla/Mushroom_Village1_0_Plane_017.uasset" 354
"F:/GitHub/GGJ2023Ungnomes/GGJ2023Ungnomes/Content/TheUnGnome/MushroomVilla/Mushroom_Village1_0_Plane_016.uasset" 355
"F:/GitHub/GGJ2023Ungnomes/GGJ2023Ungnomes/Content/TheUnGnome/MushroomVilla/Mushroom_Village1_0_Plane_015.uasset" 356
"F:/GitHub/GGJ2023Ungnomes/GGJ2023Ungnomes/Content/TheUnGnome/MushroomVilla/Mushroom_Village1_0_Plane_014.uasset" 357
"F:/GitHub/GGJ2023Ungnomes/GGJ2023Ungnomes/Content/TheUnGnome/MushroomVilla/Mushroom_Village1_0_Plane_013.uasset" 358
"F:/GitHub/GGJ2023Ungnomes/GGJ2023Ungnomes/Content/TheUnGnome/MushroomVilla/Mushroom_Village1_0_Plane_012.uasset" 359
"F:/GitHub/GGJ2023Ungnomes/GGJ2023Ungnomes/Content/TheUnGnome/MushroomVilla/Mushroom_Village1_0_Plane_011.uasset" 360
"F:/GitHub/GGJ2023Ungnomes/GGJ2023Ungnomes/Content/TheUnGnome/MushroomVilla/Mushroom_Village1_0_Plane_010.uasset" 361
"F:/GitHub/GGJ2023Ungnomes/GGJ2023Ungnomes/Content/TheUnGnome/MushroomVilla/Mushroom_Village1_0_Plane_009.uasset" 362
"F:/GitHub/GGJ2023Ungnomes/GGJ2023Ungnomes/Content/TheUnGnome/MushroomVilla/Mushroom_Village1_0_Plane_006.uasset" 363
"F:/GitHub/GGJ2023Ungnomes/GGJ2023Ungnomes/Content/TheUnGnome/MushroomVilla/Mushroom_Village1_0_Plane_005.uasset" 364
"F:/GitHub/GGJ2023Ungnomes/GGJ2023Ungnomes/Content/TheUnGnome/MushroomVilla/Mushroom_Village1_0_Plane_004.uasset" 365
"F:/GitHub/GGJ2023Ungnomes/GGJ2023Ungnomes/Content/TheUnGnome/MushroomVilla/Mushroom_Village1_0_Plane_003.uasset" 366
"F:/GitHub/GGJ2023Ungnomes/GGJ2023Ungnomes/Content/TheUnGnome/MushroomVilla/Mushroom_Village1_0_Plane_002.uasset" 367
"F:/GitHub/GGJ2023Ungnomes/GGJ2023Ungnomes/Content/TheUnGnome/MushroomVilla/Mushroom_Village1_0_Plane_001.uasset" 368
"F:/GitHub/GGJ2023Ungnomes/GGJ2023Ungnomes/Content/TheUnGnome/MushroomVilla/Mushroom_Village1_0_Circle_014.uasset" 369
"F:/GitHub/GGJ2023Ungnomes/GGJ2023Ungnomes/Content/TheUnGnome/MushroomVilla/Mushroom_Village1_0_Circle_013.uasset" 370
"F:/GitHub/GGJ2023Ungnomes/GGJ2023Ungnomes/Content/TheUnGnome/MushroomVilla/Mushroom_Village1_0_Circle_012.uasset" 371
"F:/GitHub/GGJ2023Ungnomes/GGJ2023Ungnomes/Content/TheUnGnome/MushroomVilla/Mushroom_Village1_0_Circle_011.uasset" 372
"F:/GitHub/GGJ2023Ungnomes/GGJ2023Ungnomes/Content/TheUnGnome/MushroomVilla/Mushroom_Village1_0_Circle_010.uasset" 373
"F:/GitHub/GGJ2023Ungnomes/GGJ2023Ungnomes/Content/TheUnGnome/MushroomVilla/Mushroom_Village1_0_Circle_009.uasset" 374
"F:/GitHub/GGJ2023Ungnomes/GGJ2023Ungnomes/Content/TheUnGnome/MushroomVilla/Mushroom_Village1_0_Circle_008.uasset" 375
"F:/GitHub/GGJ2023Ungnomes/GGJ2023Ungnomes/Content/TheUnGnome/MushroomVilla/Mushroom_Village1_0_Circle_007.uasset" 376
"F:/GitHub/GGJ2023Ungnomes/GGJ2023Ungnomes/Content/TheUnGnome/MushroomVilla/Mushroom_Village1_0_Circle_006.uasset" 377
"../../../Engine/Content/EngineMaterials/DefaultPhysicalMaterial.uasset" 378
"../../../Engine/Content/BasicShapes/Plane.uasset" 379
"F:/GitHub/GGJ2023Ungnomes/GGJ2023Ungnomes/Content/TheUnGnome/Maps/Map_GnomeVillage_BuiltData.uasset" 380
"F:/GitHub/GGJ2023Ungnomes/GGJ2023Ungnomes/Content/TheUnGnome/Blueprints/EnemyCharacters/Spline_Pathway.uasset" 381
"F:/GitHub/GGJ2023Ungnomes/GGJ2023Ungnomes/Content/TheUnGnome/Blueprints/EnemyCharacters/Worm_Base_Color.uasset" 382
"F:/GitHub/GGJ2023Ungnomes/GGJ2023Ungnomes/Content/TheUnGnome/Blueprints/EnemyCharacters/Worm1.uasset" 383
"F:/GitHub/GGJ2023Ungnomes/GGJ2023Ungnomes/Content/TheUnGnome/Blueprints/EnemyCharacters/Worm.uasset" 384
"F:/GitHub/GGJ2023Ungnomes/GGJ2023Ungnomes/Content/TheUnGnome/Blueprints/EnemyCharacters/Send_To_Location.uasset" 385
"F:/GitHub/GGJ2023Ungnomes/GGJ2023Ungnomes/Content/TheUnGnome/Blueprints/EnemyCharacters/Get_Spline_Location.uasset" 386
"F:/GitHub/GGJ2023Ungnomes/GGJ2023Ungnomes/Content/TheUnGnome/Blueprints/EnemyCharacters/Enemy_Black_board.uasset" 387
"F:/GitHub/GGJ2023Ungnomes/GGJ2023Ungnomes/Content/TheUnGnome/Blueprints/EnemyCharacters/Enemy_Tree.uasset" 388
"F:/GitHub/GGJ2023Ungnomes/GGJ2023Ungnomes/Content/TheUnGnome/Blueprints/EnemyCharacters/Enemy_Controller.uasset" 389
"F:/GitHub/GGJ2023Ungnomes/GGJ2023Ungnomes/Content/TheUnGnome/Blueprints/EnemyCharacters/Enemy_AnimBP.uasset" 390
"F:/GitHub/GGJ2023Ungnomes/GGJ2023Ungnomes/Content/TheUnGnome/Blueprints/EnemyCharacters/BP_Enemy.uasset" 391
"F:/GitHub/GGJ2023Ungnomes/GGJ2023Ungnomes/Content/TheUnGnome/Blueprints/SaveSounds.uasset" 392
"F:/GitHub/GGJ2023Ungnomes/GGJ2023Ungnomes/Content/TheUnGnome/GUI/Textures/GGJ2023_Ungnomes_GnomeVillageBackground.uasset" 393
"F:/GitHub/GGJ2023Ungnomes/GGJ2023Ungnomes/Content/TheUnGnome/GUI/WBP_LoadingScreen.uasset" 394
"F:/GitHub/GGJ2023Ungnomes/GGJ2023Ungnomes/Content/TheUnGnome/Blueprints/BP_NextLevel.uasset" 395
"F:/GitHub/GGJ2023Ungnomes/GGJ2023Ungnomes/Content/TheUnGnome/Blueprints/BP_MagicTutorial.uasset" 396
"F:/GitHub/GGJ2023Ungnomes/GGJ2023Ungnomes/Content/TheUnGnome/Blueprints/BP_Killbox.uasset" 397
"F:/GitHub/GGJ2023Ungnomes/GGJ2023Ungnomes/Content/TheUnGnome/Blueprints/BP_JumpTutorial.uasset" 398
"../../../Engine/Content/BasicShapes/BasicShapeMaterial.uasset" 399
"F:/GitHub/GGJ2023Ungnomes/GGJ2023Ungnomes/Content/TheUnGnome/Blueprints/BP_AttackTutorial.uasset" 400
"F:/GitHub/GGJ2023Ungnomes/GGJ2023Ungnomes/Content/StarterContent/Textures/T_Water_M.uasset" 401
"F:/GitHub/GGJ2023Ungnomes/GGJ2023Ungnomes/Content/StarterContent/Textures/T_Water_N.uasset" 402
"F:/GitHub/GGJ2023Ungnomes/GGJ2023Ungnomes/Content/StarterContent/Materials/M_Water_Ocean.uasset" 403
"F:/GitHub/GGJ2023Ungnomes/GGJ2023Ungnomes/Content/StarterContent/Textures/T_Ground_Gravel_N.uasset" 404
"F:/GitHub/GGJ2023Ungnomes/GGJ2023Ungnomes/Content/StarterContent/Textures/T_Ground_Gravel_D.uasset" 405
"F:/GitHub/GGJ2023Ungnomes/GGJ2023Ungnomes/Content/StarterContent/Materials/M_Ground_Gravel.uasset" 406
"../../../Engine/Content/EngineSky/T_Sky_Stars.uasset" 407
"../../../Engine/Content/EngineSky/T_Sky_Clouds_M.uasset" 408
"../../../Engine/Content/EngineSky/T_Sky_Blue.uasset" 409
"../../../Engine/Content/EngineSky/M_Sky_Panning_Clouds2.uasset" 410
"../../../Engine/Content/EngineSky/SM_SkySphere.uasset" 411
"../../../Engine/Content/EngineSky/C_Sky_Zenith_Color.uasset" 412
"../../../Engine/Content/EngineSky/C_Sky_Horizon_Color.uasset" 413
"../../../Engine/Content/EngineSky/C_Sky_Cloud_Color.uasset" 414
"../../../Engine/Content/EngineSky/BP_Sky_Sphere.uasset" 415
"F:/GitHub/GGJ2023Ungnomes/GGJ2023Ungnomes/Content/Left4Veg/_IMPORTS/PolygonTown/Textures/T_PolygonTown_01_A.uasset" 416
"F:/GitHub/GGJ2023Ungnomes/GGJ2023Ungnomes/Content/Left4Veg/_IMPORTS/PolygonTown/Textures/Misc/T_PolygonTown_Roughness.uasset" 417
"F:/GitHub/GGJ2023Ungnomes/GGJ2023Ungnomes/Content/Left4Veg/_IMPORTS/PolygonTown/Textures/Misc/T_PolygonTown_Normal_A.uasset" 418
"F:/GitHub/GGJ2023Ungnomes/GGJ2023Ungnomes/Content/Left4Veg/_IMPORTS/PolygonTown/Textures/Misc/T_PolygonTown_Metallic.uasset" 419
"F:/GitHub/GGJ2023Ungnomes/GGJ2023Ungnomes/Content/Left4Veg/_IMPORTS/PolygonTown/Textures/Misc/T_PolygonTown_Emissive_01.uasset" 420
"F:/GitHub/GGJ2023Ungnomes/GGJ2023Ungnomes/Content/Left4Veg/_IMPORTS/PolygonTown/Materials/Mat_PolygonTown_01_A.uasset" 421
"F:/GitHub/GGJ2023Ungnomes/GGJ2023Ungnomes/Content/Left4Veg/_IMPORTS/PolygonTown/Meshes/Environment/SM_Env_Tree_Leaves_01.uasset" 422
"F:/GitHub/GGJ2023Ungnomes/GGJ2023Ungnomes/Content/Left4Veg/_IMPORTS/PolygonTown/Meshes/Environment/SM_Env_Tree_Large_01.uasset" 423
"F:/GitHub/GGJ2023Ungnomes/GGJ2023Ungnomes/Content/Left4Veg/_IMPORTS/PolygonTown/Meshes/Environment/SM_Env_Tree_01.uasset" 424
"F:/GitHub/GGJ2023Ungnomes/GGJ2023Ungnomes/Content/Left4Veg/_IMPORTS/PolygonPrototype/Textures/T_PolygonPrototype_02.uasset" 425
"F:/GitHub/GGJ2023Ungnomes/GGJ2023Ungnomes/Content/Left4Veg/_IMPORTS/PolygonPrototype/Materials/Alts/Mat_PolygonPrototype_02.uasset" 426
"F:/GitHub/GGJ2023Ungnomes/GGJ2023Ungnomes/Content/Left4Veg/_IMPORTS/PolygonPrototype/Meshes/Props/SM_Prop_Tree_Bush_01.uasset" 427
"F:/GitHub/GGJ2023Ungnomes/GGJ2023Ungnomes/Content/Left4Veg/_IMPORTS/PolygonPrototype/Textures/T_PolygonPrototype_10.uasset" 428
"F:/GitHub/GGJ2023Ungnomes/GGJ2023Ungnomes/Content/Left4Veg/_IMPORTS/PolygonPrototype/Materials/Alts/Mat_PolygonPrototype_10.uasset" 429
"F:/GitHub/GGJ2023Ungnomes/GGJ2023Ungnomes/Content/Left4Veg/_IMPORTS/PolygonPrototype/Meshes/Generic/SM_Generic_Tree_01.uasset" 430
"F:/GitHub/GGJ2023Ungnomes/GGJ2023Ungnomes/Content/TheUnGnome/Maps/Map_GnomeVillage.umap" 431
"F:/GitHub/GGJ2023Ungnomes/GGJ2023Ungnomes/Content/TheUnGnome/Music/FirstLevel_SoundTrack.uasset" 432
"F:/GitHub/GGJ2023Ungnomes/GGJ2023Ungnomes/Content/TheUnGnome/Maps/Map_BossArena_BuiltData.uasset" 433
"F:/GitHub/GGJ2023Ungnomes/GGJ2023Ungnomes/Content/TheUnGnome/MushroomVilla/Mushroom_Village1_0_Circle_001.uasset" 434
"F:/GitHub/GGJ2023Ungnomes/GGJ2023Ungnomes/Content/TheUnGnome/MushroomVilla/Mushroom_Village1_0_Circle.uasset" 435
"F:/GitHub/GGJ2023Ungnomes/GGJ2023Ungnomes/Content/TheUnGnome/Dirt/Dirt_roughness.uasset" 436
"F:/GitHub/GGJ2023Ungnomes/GGJ2023Ungnomes/Content/TheUnGnome/Dirt/Dirt_normal.uasset" 437
"F:/GitHub/GGJ2023Ungnomes/GGJ2023Ungnomes/Content/TheUnGnome/Dirt/Dirt_height.uasset" 438
"F:/GitHub/GGJ2023Ungnomes/GGJ2023Ungnomes/Content/TheUnGnome/Dirt/Dirt_basecolor.uasset" 439
"F:/GitHub/GGJ2023Ungnomes/GGJ2023Ungnomes/Content/TheUnGnome/Dirt/Dirt_ambientocclusion.uasset" 440
"F:/GitHub/GGJ2023Ungnomes/GGJ2023Ungnomes/Content/TheUnGnome/Dirt/Dirt.uasset" 441
"F:/GitHub/GGJ2023Ungnomes/GGJ2023Ungnomes/Content/TheUnGnome/Music/GGJ_Boss_Tree_Crash03.uasset" 442
"F:/GitHub/GGJ2023Ungnomes/GGJ2023Ungnomes/Content/TheUnGnome/Music/GGJ_Boss_Tree_Crash02.uasset" 443
"F:/GitHub/GGJ2023Ungnomes/GGJ2023Ungnomes/Content/TheUnGnome/Music/GGJ_Boss_Tree_Crash01.uasset" 444
"F:/GitHub/GGJ2023Ungnomes/GGJ2023Ungnomes/Content/TheUnGnome/Music/GGJ_Boss_Stomp03.uasset" 445
"F:/GitHub/GGJ2023Ungnomes/GGJ2023Ungnomes/Content/TheUnGnome/Music/GGJ_Boss_Stomp02.uasset" 446
"F:/GitHub/GGJ2023Ungnomes/GGJ2023Ungnomes/Content/TheUnGnome/Music/GGJ_Boss_Stomp01.uasset" 447
"F:/GitHub/GGJ2023Ungnomes/GGJ2023Ungnomes/Content/TheUnGnome/GUI/Textures/Screenshot_2023-02-04_212854.uasset" 448
"F:/GitHub/GGJ2023Ungnomes/GGJ2023Ungnomes/Content/TheUnGnome/GUI/WBP_Credits.uasset" 449
"F:/GitHub/GGJ2023Ungnomes/GGJ2023Ungnomes/Content/TheUnGnome/GUI/WBP_WinScreen.uasset" 450
"F:/GitHub/GGJ2023Ungnomes/GGJ2023Ungnomes/Content/TheUnGnome/Blueprints/EnemyCharacters/BossBug_Base_Color.uasset" 451
"F:/GitHub/GGJ2023Ungnomes/GGJ2023Ungnomes/Content/TheUnGnome/Blueprints/EnemyCharacters/Boss_bug_emmit.uasset" 452
"F:/GitHub/GGJ2023Ungnomes/GGJ2023Ungnomes/Content/TheUnGnome/Blueprints/EnemyCharacters/BossBug1.uasset" 453
"F:/GitHub/GGJ2023Ungnomes/GGJ2023Ungnomes/Content/TheUnGnome/Blueprints/EnemyCharacters/Bossbug.uasset" 454
"F:/GitHub/GGJ2023Ungnomes/GGJ2023Ungnomes/Content/TheUnGnome/Blueprints/BP_RootPillarR.uasset" 455
"F:/GitHub/GGJ2023Ungnomes/GGJ2023Ungnomes/Content/TheUnGnome/Blueprints/BP_RootPillarL.uasset" 456
"F:/GitHub/GGJ2023Ungnomes/GGJ2023Ungnomes/Content/StarterContent/Particles/P_Steam_Lit.uasset" 457
"F:/GitHub/GGJ2023Ungnomes/GGJ2023Ungnomes/Content/StarterContent/Particles/P_Smoke.uasset" 458
"F:/GitHub/GGJ2023Ungnomes/GGJ2023Ungnomes/Content/TheUnGnome/Blueprints/EnemyCharacters/BP_Boss.uasset" 459
"F:/GitHub/GGJ2023Ungnomes/GGJ2023Ungnomes/Content/TheUnGnome/Maps/Map_BossArena.umap" 460
"F:/GitHub/GGJ2023Ungnomes/GGJ2023Ungnomes/Content/TheUnGnome/Music/MenuMusic_SoundTrack.uasset" 461
"F:/GitHub/GGJ2023Ungnomes/GGJ2023Ungnomes/Content/TheUnGnome/Music/MySoundClassMix.uasset" 462
"F:/GitHub/GGJ2023Ungnomes/GGJ2023Ungnomes/Content/TheUnGnome/GUI/Textures/AdobeStock_492983319.uasset" 463
"F:/GitHub/GGJ2023Ungnomes/GGJ2023Ungnomes/Content/TheUnGnome/GUI/WBP_MainMenu.uasset" 464
"F:/GitHub/GGJ2023Ungnomes/GGJ2023Ungnomes/Content/TheUnGnome/Maps/Map_MainMenu.umap" 465
"../../../Engine/Content/Maps/Entry_BuiltData.uasset" 466
"../../../Engine/Content/Maps/Entry.umap" 467
